Using pre-set license
Built from '2021.2/staging' branch; Version is '2021.2.9f1 (921b45a28ab6) revision 9575237'; Using compiler version '192829333'; Build Type 'Release'
OS: 'Windows 10  (10.0.19044) 64bit Professional' Language: 'es' Physical Memory: 32489 MB
BatchMode: 1, IsHumanControllingUs: 0, StartBugReporterOnCrash: 0, Is64bit: 1, IsPro: 0

COMMAND LINE ARGUMENTS:
C:\Program Files\Unity 2021.2.9f1\Editor\Unity.exe
-adb2
-batchMode
-noUpm
-name
AssetImportWorker1
-projectPath
C:/Users/Salas/Documents/GitHub/proyectodemoPVG3D2
-logFile
Logs/AssetImportWorker1.log
-srvPort
53031
Successfully changed project path to: C:/Users/Salas/Documents/GitHub/proyectodemoPVG3D2
C:/Users/Salas/Documents/GitHub/proyectodemoPVG3D2
[UnityMemory] Configuration Parameters - Can be set up in boot.config
    "memorysetup-bucket-allocator-granularity=16"
    "memorysetup-bucket-allocator-bucket-count=8"
    "memorysetup-bucket-allocator-block-size=33554432"
    "memorysetup-bucket-allocator-block-count=8"
    "memorysetup-main-allocator-block-size=16777216"
    "memorysetup-thread-allocator-block-size=16777216"
    "memorysetup-gfx-main-allocator-block-size=16777216"
    "memorysetup-gfx-thread-allocator-block-size=16777216"
    "memorysetup-cache-allocator-block-size=4194304"
    "memorysetup-typetree-allocator-block-size=2097152"
    "memorysetup-profiler-bucket-allocator-granularity=16"
    "memorysetup-profiler-bucket-allocator-bucket-count=8"
    "memorysetup-profiler-bucket-allocator-block-size=33554432"
    "memorysetup-profiler-bucket-allocator-block-count=8"
    "memorysetup-profiler-allocator-block-size=16777216"
    "memorysetup-profiler-editor-allocator-block-size=1048576"
    "memorysetup-temp-allocator-size-main=16777216"
    "memorysetup-job-temp-allocator-block-size=2097152"
    "memorysetup-job-temp-allocator-block-size-background=1048576"
    "memorysetup-job-temp-allocator-reduction-small-platforms=262144"
    "memorysetup-temp-allocator-size-background-worker=32768"
    "memorysetup-temp-allocator-size-job-worker=262144"
    "memorysetup-temp-allocator-size-preload-manager=33554432"
    "memorysetup-temp-allocator-size-nav-mesh-worker=65536"
    "memorysetup-temp-allocator-size-audio-worker=65536"
    "memorysetup-temp-allocator-size-cloud-worker=32768"
    "memorysetup-temp-allocator-size-gi-baking-worker=262144"
    "memorysetup-temp-allocator-size-gfx=262144"
Refreshing native plugins compatible for Editor in 54.78 ms, found 3 plugins.
Preloading 0 native plugins for Editor in 0.00 ms.
Initialize engine version: 2021.2.9f1 (921b45a28ab6)
[Subsystems] Discovering subsystems at path C:/Program Files/Unity 2021.2.9f1/Editor/Data/Resources/UnitySubsystems
[Subsystems] Discovering subsystems at path C:/Users/Salas/Documents/GitHub/proyectodemoPVG3D2/Assets
GfxDevice: creating device client; threaded=0; jobified=0
Direct3D:
    Version:  Direct3D 11.0 [level 11.1]
    Renderer: AMD Radeon Pro WX 3200 Series (ID=0x6981)
    Vendor:   ATI
    VRAM:     4041 MB
    Driver:   30.0.13018.2
Initialize mono
Mono path[0] = 'C:/Program Files/Unity 2021.2.9f1/Editor/Data/Managed'
Mono path[1] = 'C:/Program Files/Unity 2021.2.9f1/Editor/Data/MonoBleedingEdge/lib/mono/unityjit-win32'
Mono config path = 'C:/Program Files/Unity 2021.2.9f1/Editor/Data/MonoBleedingEdge/etc'
Using monoOptions --debugger-agent=transport=dt_socket,embedding=1,server=y,suspend=n,address=127.0.0.1:56884
Begin MonoManager ReloadAssembly
Registering precompiled unity dll's ...
Register platform support module: C:/Program Files/Unity 2021.2.9f1/Editor/Data/PlaybackEngines/WindowsStandaloneSupport/UnityEditor.WindowsStandalone.Extensions.dll
Registered in 0.003353 seconds.
Native extension for WindowsStandalone target not found
Refreshing native plugins compatible for Editor in 53.70 ms, found 3 plugins.
Preloading 0 native plugins for Editor in 0.00 ms.
Mono: successfully reloaded assembly
- Completed reload, in  0.412 seconds
Domain Reload Profiling:
	ReloadAssembly (412ms)
		BeginReloadAssembly (53ms)
			ExecutionOrderSort (0ms)
			DisableScriptedObjects (0ms)
			BackupInstance (0ms)
			ReleaseScriptingObjects (0ms)
			CreateAndSetChildDomain (1ms)
		EndReloadAssembly (307ms)
			LoadAssemblies (51ms)
			RebuildTransferFunctionScriptingTraits (0ms)
			SetupTypeCache (70ms)
			ReleaseScriptCaches (0ms)
			RebuildScriptCaches (21ms)
			SetupLoadedEditorAssemblies (181ms)
				LogAssemblyErrors (0ms)
				InitializePlatformSupportModulesInManaged (11ms)
				SetLoadedEditorAssemblies (0ms)
				RefreshPlugins (54ms)
				BeforeProcessingInitializeOnLoad (1ms)
				ProcessInitializeOnLoadAttributes (85ms)
				ProcessInitializeOnLoadMethodAttributes (31ms)
				AfterProcessingInitializeOnLoad (0ms)
				EditorAssembliesLoaded (0ms)
			ExecutionOrderSort2 (0ms)
			AwakeInstancesAfterBackupRestoration (0ms)
Platform modules already initialized, skipping
Registering precompiled user dll's ...
Registered in 0.004361 seconds.
Begin MonoManager ReloadAssembly
Native extension for WindowsStandalone target not found
Refreshing native plugins compatible for Editor in 55.30 ms, found 3 plugins.
Preloading 0 native plugins for Editor in 0.00 ms.
Mono: successfully reloaded assembly
- Completed reload, in  0.779 seconds
Domain Reload Profiling:
	ReloadAssembly (779ms)
		BeginReloadAssembly (76ms)
			ExecutionOrderSort (0ms)
			DisableScriptedObjects (4ms)
			BackupInstance (0ms)
			ReleaseScriptingObjects (0ms)
			CreateAndSetChildDomain (14ms)
		EndReloadAssembly (641ms)
			LoadAssemblies (53ms)
			RebuildTransferFunctionScriptingTraits (0ms)
			SetupTypeCache (173ms)
			ReleaseScriptCaches (0ms)
			RebuildScriptCaches (37ms)
			SetupLoadedEditorAssemblies (351ms)
				LogAssemblyErrors (0ms)
				InitializePlatformSupportModulesInManaged (8ms)
				SetLoadedEditorAssemblies (0ms)
				RefreshPlugins (55ms)
				BeforeProcessingInitializeOnLoad (56ms)
				ProcessInitializeOnLoadAttributes (207ms)
				ProcessInitializeOnLoadMethodAttributes (20ms)
				AfterProcessingInitializeOnLoad (5ms)
				EditorAssembliesLoaded (0ms)
			ExecutionOrderSort2 (0ms)
			AwakeInstancesAfterBackupRestoration (4ms)
Platform modules already initialized, skipping
========================================================================
Worker process is ready to serve import requests
Launched and connected shader compiler UnityShaderCompiler.exe after 0.02 seconds
Refreshing native plugins compatible for Editor in 0.46 ms, found 3 plugins.
Preloading 0 native plugins for Editor in 0.00 ms.
Unloading 3776 Unused Serialized files (Serialized files now loaded: 0)
Unloading 39 unused Assets / (129.5 KB). Loaded Objects now: 4239.
Memory consumption went from 138.1 MB to 138.0 MB.
Total: 2.345000 ms (FindLiveObjects: 0.247500 ms CreateObjectMapping: 0.115700 ms MarkObjects: 1.912900 ms  DeleteObjects: 0.068200 ms)

AssetImportParameters requested are different than current active one (requested -> active):
  custom:video-decoder-ogg-theora: a1e56fd34408186e4bbccfd4996cb3dc -> 
  custom:container-muxer-webm: aa71ff27fc2769a1b78a27578f13a17b -> 
  custom:container-demuxer-webm: 4f35f7cbe854078d1ac9338744f61a02 -> 
  custom:video-encoder-webm-vp8: eb34c28f22e8b96e1ab97ce403110664 -> 
  custom:audio-encoder-webm-vorbis: bf7c407c2cedff20999df2af8eb42d56 -> 
  custom:framework-win-MediaFoundation: 216162199b28c13a410421893ffa2e32 -> 
  custom:container-demuxer-ogg: 62fdf1f143b41e24485cea50d1cbac27 -> 
  custom:video-decoder-webm-vp8: 9c59270c3fd7afecdb556c50c9e8de78 -> 
  custom:audio-decoder-ogg-vorbis: bf7c407c2cedff20999df2af8eb42d56 -> 
========================================================================
Received Import Request.
  Time since last request: 4906.303074 seconds.
  path: Assets/Materials/green.mat
  artifactKey: Guid(06720db84a557d94eb1e2a9a256f4d3a) Importer(815301076,1909f56bfc062723c751e8b465ee728b)
Start importing Assets/Materials/green.mat using Guid(06720db84a557d94eb1e2a9a256f4d3a) Importer(815301076,1909f56bfc062723c751e8b465ee728b)  -> (artifact id: '447e419deeaa23f890456712c9d613bd') in 0.091212 seconds 
========================================================================
Received Import Request.
  Time since last request: 0.000015 seconds.
  path: Assets/Materials/yellow.mat
  artifactKey: Guid(7b43f9dfe387ac541ac546113e1de809) Importer(815301076,1909f56bfc062723c751e8b465ee728b)
Start importing Assets/Materials/yellow.mat using Guid(7b43f9dfe387ac541ac546113e1de809) Importer(815301076,1909f56bfc062723c751e8b465ee728b)  -> (artifact id: 'a18ae44e899a519d1392261388efca24') in 0.014284 seconds 
========================================================================
Received Import Request.
  Time since last request: 0.853971 seconds.
  path: Assets/Modelos/AnyConv.com__legomario_03.fbx
  artifactKey: Guid(1fdce271f1ae4524b8314ced1fbb1899) Importer(815301076,1909f56bfc062723c751e8b465ee728b)
Start importing Assets/Modelos/AnyConv.com__legomario_03.fbx using Guid(1fdce271f1ae4524b8314ced1fbb1899) Importer(815301076,1909f56bfc062723c751e8b465ee728b)  -> (artifact id: 'bfbb8f2772315c9d4be58ef0bd9a27c5') in 0.055827 seconds 
========================================================================
Received Import Request.
  Time since last request: 0.000019 seconds.
  path: Assets/Modelos/SMO_MysteryBlock_SHD_D.png
  artifactKey: Guid(272dd7a4e1af9f94db55d9e3face5de2) Importer(815301076,1909f56bfc062723c751e8b465ee728b)
Start importing Assets/Modelos/SMO_MysteryBlock_SHD_D.png using Guid(272dd7a4e1af9f94db55d9e3face5de2) Importer(815301076,1909f56bfc062723c751e8b465ee728b)  -> (artifact id: '4d06fa7af4a0497427676dac70a20b7e') in 0.047325 seconds 
========================================================================
Received Import Request.
  Time since last request: 0.000025 seconds.
  path: Assets/Modelos/SMO_MysteryBlock_SHD_ORM.png
  artifactKey: Guid(ad3a78ce4c774244db931abb9b49cc8b) Importer(815301076,1909f56bfc062723c751e8b465ee728b)
Start importing Assets/Modelos/SMO_MysteryBlock_SHD_ORM.png using Guid(ad3a78ce4c774244db931abb9b49cc8b) Importer(815301076,1909f56bfc062723c751e8b465ee728b)  -> (artifact id: '197eab78745109498cc5ca90c4fb3b10') in 0.016301 seconds 
========================================================================
Received Import Request.
  Time since last request: 0.000017 seconds.
  path: Assets/Modelos/SMO_MysteryBlock_SHD_N.png
  artifactKey: Guid(ae82870f74adc3e488201194a7ca51a5) Importer(815301076,1909f56bfc062723c751e8b465ee728b)
Start importing Assets/Modelos/SMO_MysteryBlock_SHD_N.png using Guid(ae82870f74adc3e488201194a7ca51a5) Importer(815301076,1909f56bfc062723c751e8b465ee728b)  -> (artifact id: 'e4bb58d60778520c397b503ec876d27e') in 0.009561 seconds 
========================================================================
Received Import Request.
  Time since last request: 0.000017 seconds.
  path: Assets/Modelos/SMO_MysteryBlock_SHD_M.png
  artifactKey: Guid(cd1625ed9a1a84a4081e3370df35862d) Importer(815301076,1909f56bfc062723c751e8b465ee728b)
Start importing Assets/Modelos/SMO_MysteryBlock_SHD_M.png using Guid(cd1625ed9a1a84a4081e3370df35862d) Importer(815301076,1909f56bfc062723c751e8b465ee728b)  -> (artifact id: '7bafec0d09e68d1b6f4d52a6de02fdba') in 0.010254 seconds 
========================================================================
Received Import Request.
  Time since last request: 0.000016 seconds.
  path: Assets/Modelos/SMO_MysteryBlock_SHD_O.png
  artifactKey: Guid(761be30b85f3e374faf0b962a9706758) Importer(815301076,1909f56bfc062723c751e8b465ee728b)
Start importing Assets/Modelos/SMO_MysteryBlock_SHD_O.png using Guid(761be30b85f3e374faf0b962a9706758) Importer(815301076,1909f56bfc062723c751e8b465ee728b)  -> (artifact id: '610ca70a0d262946d9c1a8da42082af0') in 0.008875 seconds 
========================================================================
Received Import Request.
  Time since last request: 0.000017 seconds.
  path: Assets/Modelos/SMO_MysteryBlock_SHD_R.png
  artifactKey: Guid(b6ceb38ef9b91e24a8b43e3669b10a83) Importer(815301076,1909f56bfc062723c751e8b465ee728b)
Start importing Assets/Modelos/SMO_MysteryBlock_SHD_R.png using Guid(b6ceb38ef9b91e24a8b43e3669b10a83) Importer(815301076,1909f56bfc062723c751e8b465ee728b)  -> (artifact id: 'a3737c216c54fbf6e54e681a21447078') in 0.012501 seconds 
========================================================================
Received Import Request.
  Time since last request: 4.271137 seconds.
  path: Assets/Modelos/textures/internal_ground_ao_texture.jpeg
  artifactKey: Guid(76eeca8855e54fb48af1f6aa5d8669d1) Importer(815301076,1909f56bfc062723c751e8b465ee728b)
Start importing Assets/Modelos/textures/internal_ground_ao_texture.jpeg using Guid(76eeca8855e54fb48af1f6aa5d8669d1) Importer(815301076,1909f56bfc062723c751e8b465ee728b)  -> (artifact id: '698cfc254835c251ce9ec024eba5d3b2') in 0.012522 seconds 
========================================================================
Received Import Request.
  Time since last request: 0.000023 seconds.
  path: Assets/Modelos/textures/SMO_MysteryBlock_SHD_R.png
  artifactKey: Guid(bb66c86317e3c1640933fe062f3e955a) Importer(815301076,1909f56bfc062723c751e8b465ee728b)
Start importing Assets/Modelos/textures/SMO_MysteryBlock_SHD_R.png using Guid(bb66c86317e3c1640933fe062f3e955a) Importer(815301076,1909f56bfc062723c751e8b465ee728b)  -> (artifact id: 'de35985f6df17e5f814f172f0446e9c2') in 0.016118 seconds 
========================================================================
Received Import Request.
  Time since last request: 0.000018 seconds.
  path: Assets/Modelos/textures/super_mario__bullet_bill_2d_by_joshuat1306_dcpa1ji-fullview.png
  artifactKey: Guid(2543dc3cb10acdd42bea40edc613acd2) Importer(815301076,1909f56bfc062723c751e8b465ee728b)
Start importing Assets/Modelos/textures/super_mario__bullet_bill_2d_by_joshuat1306_dcpa1ji-fullview.png using Guid(2543dc3cb10acdd42bea40edc613acd2) Importer(815301076,1909f56bfc062723c751e8b465ee728b)  -> (artifact id: '558fe039f46d0de154810efeaa941257') in 0.011673 seconds 
========================================================================
Received Import Request.
  Time since last request: 0.000021 seconds.
  path: Assets/Modelos/textures/Lego_Mario_normal.png
  artifactKey: Guid(a37562ca63ac1e1478c6bd813c8b03a5) Importer(815301076,1909f56bfc062723c751e8b465ee728b)
Start importing Assets/Modelos/textures/Lego_Mario_normal.png using Guid(a37562ca63ac1e1478c6bd813c8b03a5) Importer(815301076,1909f56bfc062723c751e8b465ee728b)  -> (artifact id: '106cbce8135d1dbba8c849d054a79760') in 0.015020 seconds 
========================================================================
Received Import Request.
  Time since last request: 0.000018 seconds.
  path: Assets/Modelos/textures/Killer.png
  artifactKey: Guid(53c58f7e8c6ee9a4db453d509f7c3997) Importer(815301076,1909f56bfc062723c751e8b465ee728b)
Start importing Assets/Modelos/textures/Killer.png using Guid(53c58f7e8c6ee9a4db453d509f7c3997) Importer(815301076,1909f56bfc062723c751e8b465ee728b)  -> (artifact id: '4dfa71b591631ec99ebe2e19b24aa319') in 0.008716 seconds 
========================================================================
Received Import Request.
  Time since last request: 0.000018 seconds.
  path: Assets/Modelos/textures/SMO_MysteryBlock_SHD_O.png
  artifactKey: Guid(4e6495d1a0ce9c746938cd7636920d94) Importer(815301076,1909f56bfc062723c751e8b465ee728b)
Start importing Assets/Modelos/textures/SMO_MysteryBlock_SHD_O.png using Guid(4e6495d1a0ce9c746938cd7636920d94) Importer(815301076,1909f56bfc062723c751e8b465ee728b)  -> (artifact id: '30ded8566c99d305246933eb355c2724') in 0.006805 seconds 
========================================================================
Received Import Request.
  Time since last request: 0.000026 seconds.
  path: Assets/Modelos/textures/SMO_MysteryBlock_SHD_N.png
  artifactKey: Guid(e081582f4ff66dc4c812a87b26a235b4) Importer(815301076,1909f56bfc062723c751e8b465ee728b)
Start importing Assets/Modelos/textures/SMO_MysteryBlock_SHD_N.png using Guid(e081582f4ff66dc4c812a87b26a235b4) Importer(815301076,1909f56bfc062723c751e8b465ee728b)  -> (artifact id: '583bc7b10570add149de64776de1c13b') in 0.010674 seconds 
========================================================================
Received Import Request.
  Time since last request: 0.000027 seconds.
  path: Assets/Modelos/textures/Lego_Mario_roughness.jpg
  artifactKey: Guid(1885e462ef02eb24ab2093a1a4570f9b) Importer(815301076,1909f56bfc062723c751e8b465ee728b)
Start importing Assets/Modelos/textures/Lego_Mario_roughness.jpg using Guid(1885e462ef02eb24ab2093a1a4570f9b) Importer(815301076,1909f56bfc062723c751e8b465ee728b)  -> (artifact id: 'af0e07e29f0d958379feb4812b0c0046') in 0.011027 seconds 
========================================================================
Received Import Request.
  Time since last request: 0.000021 seconds.
  path: Assets/Modelos/textures/Lego_Mario_albedo.jpg
  artifactKey: Guid(9c6be74987697f8469ecc5bf3c3c0777) Importer(815301076,1909f56bfc062723c751e8b465ee728b)
Start importing Assets/Modelos/textures/Lego_Mario_albedo.jpg using Guid(9c6be74987697f8469ecc5bf3c3c0777) Importer(815301076,1909f56bfc062723c751e8b465ee728b)  -> (artifact id: '9483e347e6892a735d6fc9789fc28c83') in 0.009756 seconds 
========================================================================
Received Import Request.
  Time since last request: 0.577636 seconds.
  path: Assets/Modelos/Materials/Tubo.mat
  artifactKey: Guid(d20eba399b80c5e44bdbf2a7018484b7) Importer(815301076,1909f56bfc062723c751e8b465ee728b)
Start importing Assets/Modelos/Materials/Tubo.mat using Guid(d20eba399b80c5e44bdbf2a7018484b7) Importer(815301076,1909f56bfc062723c751e8b465ee728b)  -> (artifact id: 'c3183fdb889d6b83387613d23b65d492') in 0.011642 seconds 
Editor requested this worker to shutdown with reason: Scaling down because of idle timeout
AssetImportWorker is now disconnected from the server
Process exiting
Exiting without the bug reporter. Application will terminate with return code 0